<?xml version="1.0" encoding="UTF-8"?>
<testsuite xmlns:xsi="http://www.w3.org/2001/XMLSchema-instance" xsi:noNamespaceSchemaLocation="https://maven.apache.org/surefire/maven-surefire-plugin/xsd/surefire-test-report-3.0.xsd" version="3.0" name="com.examly.springapp.SpringappApplicationTests" time="3.546" tests="78" errors="0" skipped="0" failures="0">
  <properties>
[...]
</properties>
  <testcase name="Day3_test_Controller_Directory_Exists" classname="com.examly.springapp.SpringappApplicationTests" time="0.12">
    <system-out><![CDATA[10:29:29.397 [main] DEBUG org.springframework.boot.test.context.SpringBootTestContextBootstrapper - Neither @ContextConfiguration nor @ContextHierarchy found for test class [SpringappApplicationTests]: using SpringBootContextLoader
10:29:29.400 [main] DEBUG org.springframework.test.context.support.AbstractContextLoader - Could not detect default resource locations for test class [com.examly.springapp.SpringappApplicationTests]: no resource found for suffixes {-context.xml, Context.groovy}.
10:29:29.400 [main] INFO org.springframework.test.context.support.AnnotationConfigContextLoaderUtils - Could not detect default configuration classes for test class [com.examly.springapp.SpringappApplicationTests]: SpringappApplicationTests does not declare any static, non-private, non-final, nested classes annotated with @Configuration.
10:29:29.426 [main] DEBUG org.springframework.boot.test.context.SpringBootTestContextBootstrapper - Using ContextCustomizers for test class [SpringappApplicationTests]: [ImportsContextCustomizer, ExcludeFilterContextCustomizer, DuplicateJsonObjectContextCustomizer, MockitoContextCustomizer, TestRestTemplateContextCustomizer, DisableObservabilityContextCustomizer, PropertyMappingContextCustomizer, Customizer]
10:29:29.470 [main] DEBUG org.springframework.context.annotation.ClassPathScanningCandidateComponentProvider - Identified candidate component class: file [/home/coder/project/workspace/springapp/target/classes/com/examly/springapp/SpringappApplication.class]
10:29:29.471 [main] INFO org.springframework.boot.test.context.SpringBootTestContextBootstrapper - Found @SpringBootConfiguration com.examly.springapp.SpringappApplication for test class com.examly.springapp.SpringappApplicationTests
10:29:29.534 [main] DEBUG org.springframework.boot.test.context.SpringBootTestContextBootstrapper - Using TestExecutionListeners for test class [SpringappApplicationTests]: [ServletTestExecutionListener, DirtiesContextBeforeModesTestExecutionListener, ApplicationEventsTestExecutionListener, MockitoTestExecutionListener, DependencyInjectionTestExecutionListener, DirtiesContextTestExecutionListener, TransactionalTestExecutionListener, SqlScriptsTestExecutionListener, EventPublishingTestExecutionListener, ResetMocksTestExecutionListener, RestDocsTestExecutionListener, MockRestServiceServerResetTestExecutionListener, MockMvcPrintOnlyOnFailureTestExecutionListener, WebDriverTestExecutionListener, MockWebServiceServerTestExecutionListener]
10:29:29.535 [main] DEBUG org.springframework.test.context.support.AbstractDirtiesContextTestExecutionListener - Before test class: class [SpringappApplicationTests], class annotated with @DirtiesContext [false] with mode [null]

  .   ____          _            __ _ _
 /\\ / ___'_ __ _ _(_)_ __  __ _ \ \ \ \
( ( )\___ | '_ | '_| | '_ \/ _` | \ \ \ \
 \\/  ___)| |_)| | | | | || (_| |  ) ) ) )
  '  |____| .__|_| |_|_| |_\__, | / / / /
 =========|_|==============|___/=/_/_/_/
 :: Spring Boot ::                (v3.0.1)

2025-12-26T10:29:29.729Z  INFO 2263 --- [           main] c.e.springapp.SpringappApplicationTests  : Starting SpringappApplicationTests using Java 17.0.17 with PID 2263 (started by coder in /home/coder/project/workspace/springapp)
2025-12-26T10:29:29.731Z  INFO 2263 --- [           main] c.e.springapp.SpringappApplicationTests  : No active profile set, falling back to 1 default profile: "default"
2025-12-26T10:29:30.179Z  INFO 2263 --- [           main] .s.d.r.c.RepositoryConfigurationDelegate : Bootstrapping Spring Data JPA repositories in DEFAULT mode.
2025-12-26T10:29:30.223Z  INFO 2263 --- [           main] .s.d.r.c.RepositoryConfigurationDelegate : Finished Spring Data repository scanning in 40 ms. Found 5 JPA repository interfaces.
2025-12-26T10:29:30.492Z  INFO 2263 --- [           main] o.hibernate.jpa.internal.util.LogHelper  : HHH000204: Processing PersistenceUnitInfo [name: default]
2025-12-26T10:29:30.519Z  INFO 2263 --- [           main] org.hibernate.Version                    : HHH000412: Hibernate ORM core version 6.1.6.Final
2025-12-26T10:29:30.616Z  WARN 2263 --- [           main] org.hibernate.orm.deprecation            : HHH90000021: Encountered deprecated setting [javax.persistence.sharedCache.mode], use [jakarta.persistence.sharedCache.mode] instead
2025-12-26T10:29:30.696Z  INFO 2263 --- [           main] com.zaxxer.hikari.HikariDataSource       : HikariPool-1 - Starting...
2025-12-26T10:29:30.822Z  INFO 2263 --- [           main] com.zaxxer.hikari.pool.HikariPool        : HikariPool-1 - Added connection conn0: url=jdbc:h2:mem:testdb user=SA
2025-12-26T10:29:30.823Z  INFO 2263 --- [           main] com.zaxxer.hikari.HikariDataSource       : HikariPool-1 - Start completed.
2025-12-26T10:29:30.836Z  INFO 2263 --- [           main] SQL dialect                              : HHH000400: Using dialect: org.hibernate.dialect.H2Dialect
Hibernate: drop table if exists comment cascade 
Hibernate: drop table if exists task cascade 
Hibernate: drop table if exists task_assignment cascade 
Hibernate: drop table if exists task_status_log cascade 
Hibernate: drop table if exists users cascade 
Hibernate: create table comment (id bigint generated by default as identity, content varchar(255), task_id bigint, primary key (id))
Hibernate: create table task (id bigint generated by default as identity, description varchar(255), due_date date, priority varchar(255), status varchar(255), title varchar(255), user_id bigint, primary key (id))
Hibernate: create table task_assignment (id bigint generated by default as identity, task_id bigint, user_id bigint, primary key (id))
Hibernate: create table task_status_log (id bigint generated by default as identity, new_status varchar(255), old_status varchar(255), user_id bigint, task_id bigint, primary key (id))
Hibernate: create table users (id bigint generated by default as identity, email varchar(255), name varchar(255), role varchar(255), primary key (id))
Hibernate: alter table if exists users add constraint UK_6dotkott2kjsp8vw4d0m25fb7 unique (email)
Hibernate: alter table if exists comment add constraint FKfknte4fhjhet3l1802m1yqa50 foreign key (task_id) references task
Hibernate: alter table if exists task add constraint FKbhwpp8tr117vvbxhf5sbkdkc9 foreign key (user_id) references users
Hibernate: alter table if exists task_assignment add constraint FKjec38nl7lfmlgdn036w0h3hbt foreign key (task_id) references task
Hibernate: alter table if exists task_assignment add constraint FKakpq2xi7gmbhnk9hpeskx2h0l foreign key (user_id) references users
Hibernate: alter table if exists task_status_log add constraint FK7xv2deuxtmsbi1eww26x26mpc foreign key (user_id) references users
Hibernate: alter table if exists task_status_log add constraint FK3insne714tpm4u24ccp93htt8 foreign key (task_id) references task
2025-12-26T10:29:31.368Z  INFO 2263 --- [           main] o.h.e.t.j.p.i.JtaPlatformInitiator       : HHH000490: Using JtaPlatform implementation: [org.hibernate.engine.transaction.jta.platform.internal.NoJtaPlatform]
2025-12-26T10:29:31.375Z  INFO 2263 --- [           main] j.LocalContainerEntityManagerFactoryBean : Initialized JPA EntityManagerFactory for persistence unit 'default'
2025-12-26T10:29:31.925Z  WARN 2263 --- [           main] JpaBaseConfiguration$JpaWebConfiguration : spring.jpa.open-in-view is enabled by default. Therefore, database queries may be performed during view rendering. Explicitly configure spring.jpa.open-in-view to disable this warning
2025-12-26T10:29:32.159Z  INFO 2263 --- [           main] o.s.b.t.m.w.SpringBootMockServletContext : Initializing Spring TestDispatcherServlet ''
2025-12-26T10:29:32.160Z  INFO 2263 --- [           main] o.s.t.web.servlet.TestDispatcherServlet  : Initializing Servlet ''
2025-12-26T10:29:32.162Z  INFO 2263 --- [           main] o.s.t.web.servlet.TestDispatcherServlet  : Completed initialization in 0 ms
2025-12-26T10:29:32.176Z  INFO 2263 --- [           main] c.e.springapp.SpringappApplicationTests  : Started SpringappApplicationTests in 2.615 seconds (process running for 3.297)
]]></system-out>
  </testcase>
  <testcase name="Day3_test_Model_Directory_Exists" classname="com.examly.springapp.SpringappApplicationTests" time="0.002"/>
  <testcase name="Day3_test_Service_Directory_Exists" classname="com.examly.springapp.SpringappApplicationTests" time="0.002"/>
  <testcase name="Day3_test_Repository_Directory_Exists" classname="com.examly.springapp.SpringappApplicationTests" time="0.001"/>
  <testcase name="Day4_test_TaskModel_File_Exists" classname="com.examly.springapp.SpringappApplicationTests" time="0.002"/>
  <testcase name="Day4_test_UserModel_File_Exists" classname="com.examly.springapp.SpringappApplicationTests" time="0.002"/>
  <testcase name="Day4_test_TaskStatusLog_File_Exists" classname="com.examly.springapp.SpringappApplicationTests" time="0.001"/>
  <testcase name="Day4_test_TaskAssignment_File_Exists" classname="com.examly.springapp.SpringappApplicationTests" time="0.002"/>
  <testcase name="Day4_test_Comment_File_Exists" classname="com.examly.springapp.SpringappApplicationTests" time="0.002"/>
  <testcase name="Day4_test_User_Has_Entity_Annotation" classname="com.examly.springapp.SpringappApplicationTests" time="0.002"/>
  <testcase name="Day5_testTaskRepository_File_Exists" classname="com.examly.springapp.SpringappApplicationTests" time="0.002"/>
  <testcase name="Day5_testUserRepository_File_Exists" classname="com.examly.springapp.SpringappApplicationTests" time="0.002"/>
  <testcase name="Day5_testTaskStatusLogRepository_File_Exists" classname="com.examly.springapp.SpringappApplicationTests" time="0.001"/>
  <testcase name="Day5_testTaskAssignmentRepository_File_Exists" classname="com.examly.springapp.SpringappApplicationTests" time="0.001"/>
  <testcase name="Day5_testCommentRepository_File_Exists" classname="com.examly.springapp.SpringappApplicationTests" time="0.001"/>
  <testcase name="Day5_test_UserRepo_Has_Repository_Annotation" classname="com.examly.springapp.SpringappApplicationTests" time="0.001"/>
  <testcase name="Day5_test_TaskRepository_Has_Repository_Annotation" classname="com.examly.springapp.SpringappApplicationTests" time="0.001"/>
  <testcase name="Day5_test_TaskStatusLogRepository_Has_Repository_Annotation" classname="com.examly.springapp.SpringappApplicationTests" time="0.001"/>
  <testcase name="Day5_test_TaskAssignmentRepository_Has_Repository_Annotation" classname="com.examly.springapp.SpringappApplicationTests" time="0.001"/>
  <testcase name="Day5_test_CommentRepository_Has_Repository_Annotation" classname="com.examly.springapp.SpringappApplicationTests" time="0.001"/>
  <testcase name="Day6_test_TaskController_File_Exists" classname="com.examly.springapp.SpringappApplicationTests" time="0.001"/>
  <testcase name="Day6_test_UserController_File_Exists" classname="com.examly.springapp.SpringappApplicationTests" time="0.002"/>
  <testcase name="Day6_test_TaskStatusLogController_File_Exists" classname="com.examly.springapp.SpringappApplicationTests" time="0.002"/>
  <testcase name="Day6_test_TaskAssignmentController_File_Exists" classname="com.examly.springapp.SpringappApplicationTests" time="0.002"/>
  <testcase name="Day6_test_CommentController_File_Exists" classname="com.examly.springapp.SpringappApplicationTests" time="0.001"/>
  <testcase name="Day6_test_TaskController_Has_RestController_Annotation" classname="com.examly.springapp.SpringappApplicationTests" time="0.001"/>
  <testcase name="Day6_test_UserController_Has_RestController_Annotation" classname="com.examly.springapp.SpringappApplicationTests" time="0.001"/>
  <testcase name="Day6_test_TaskController_Has_PostMapping" classname="com.examly.springapp.SpringappApplicationTests" time="0.001"/>
  <testcase name="Day6_test_TaskController_Has_GetMapping" classname="com.examly.springapp.SpringappApplicationTests" time="0.001"/>
  <testcase name="Day6_test_TaskController_Has_PutMapping" classname="com.examly.springapp.SpringappApplicationTests" time="0.001"/>
  <testcase name="Day6_test_TaskController_Has_DeleteMapping" classname="com.examly.springapp.SpringappApplicationTests" time="0.001"/>
  <testcase name="Day6_testGetAllUsers_StatusNoCotent" classname="com.examly.springapp.SpringappApplicationTests" time="0.043"/>
  <testcase name="Day6_testGetTaskById_StatusNotFound" classname="com.examly.springapp.SpringappApplicationTests" time="0.048">
    <system-out><![CDATA[Hibernate: select t1_0.id,c1_0.id,c1_0.email,c1_0.name,c1_0.role,t1_0.description,t1_0.due_date,t1_0.priority,t1_0.status,t1_0.title from task t1_0 left join users c1_0 on c1_0.id=t1_0.user_id where t1_0.id=?
]]></system-out>
  </testcase>
  <testcase name="Day7_test_TaskController_Has_RequestMapping" classname="com.examly.springapp.SpringappApplicationTests" time="0.002"/>
  <testcase name="Day7_test_TaskController_Has_PathVariable" classname="com.examly.springapp.SpringappApplicationTests" time="0.002"/>
  <testcase name="Day7_test_UserController_Has_RequestMapping" classname="com.examly.springapp.SpringappApplicationTests" time="0.002"/>
  <testcase name="Day7_test_CommentController_Has_RequestMapping" classname="com.examly.springapp.SpringappApplicationTests" time="0.002"/>
  <testcase name="Day7_test_UserController_Has_PathVariable" classname="com.examly.springapp.SpringappApplicationTests" time="0.002"/>
  <testcase name="Day7_test_CommentController_Has_PathVariable" classname="com.examly.springapp.SpringappApplicationTests" time="0.002"/>
  <testcase name="Day7_test_TaskAssignment_Has_RequestMapping" classname="com.examly.springapp.SpringappApplicationTests" time="0.002"/>
  <testcase name="Day8_test_TaskService_File_Exists" classname="com.examly.springapp.SpringappApplicationTests" time="0.001"/>
  <testcase name="Day8_test_UserService_File_Exists" classname="com.examly.springapp.SpringappApplicationTests" time="0.001"/>
  <testcase name="Day8_test_TaskStatusLogService_File_Exists" classname="com.examly.springapp.SpringappApplicationTests" time="0.001"/>
  <testcase name="Day8_test_TaskAssignmentService_File_Exists" classname="com.examly.springapp.SpringappApplicationTests" time="0.002"/>
  <testcase name="Day8_test_CommentService_File_Exists" classname="com.examly.springapp.SpringappApplicationTests" time="0.001"/>
  <testcase name="Day8_test_TaskServiceImpl_File_Exists" classname="com.examly.springapp.SpringappApplicationTests" time="0.001"/>
  <testcase name="Day8_test_UserServiceImpl_File_Exists" classname="com.examly.springapp.SpringappApplicationTests" time="0.002"/>
  <testcase name="Day8_test_TaskStatusLogServiceImpl_File_Exists" classname="com.examly.springapp.SpringappApplicationTests" time="0.002"/>
  <testcase name="Day8_test_TaskAssignmentServiceImpl_File_Exists" classname="com.examly.springapp.SpringappApplicationTests" time="0.001"/>
  <testcase name="Day8_test_CommentServiceImpl_File_Exists" classname="com.examly.springapp.SpringappApplicationTests" time="0.001"/>
  <testcase name="Day8_testAddUser" classname="com.examly.springapp.SpringappApplicationTests" time="0.077">
    <system-out><![CDATA[Hibernate: insert into users (id, email, name, role) values (default, ?, ?, ?)
]]></system-out>
  </testcase>
  <testcase name="Day8_testGetAllUsers" classname="com.examly.springapp.SpringappApplicationTests" time="0.032">
    <system-out><![CDATA[Hibernate: select u1_0.id,u1_0.email,u1_0.name,u1_0.role from users u1_0
]]></system-out>
  </testcase>
  <testcase name="Day8_testGetUserById" classname="com.examly.springapp.SpringappApplicationTests" time="0.006">
    <system-out><![CDATA[Hibernate: select u1_0.id,u1_0.email,u1_0.name,u1_0.role from users u1_0 where u1_0.id=?
]]></system-out>
  </testcase>
  <testcase name="Day8_testUpdateUser" classname="com.examly.springapp.SpringappApplicationTests" time="0.011">
    <system-out><![CDATA[Hibernate: select u1_0.id,u1_0.email,u1_0.name,u1_0.role from users u1_0 where u1_0.id=?
Hibernate: update users set email=?, name=?, role=? where id=?
]]></system-out>
  </testcase>
  <testcase name="Day9_testPaginationPageNumberApplied" classname="com.examly.springapp.SpringappApplicationTests" time="0.019">
    <system-out><![CDATA[Hibernate: select u1_0.id,u1_0.email,u1_0.name,u1_0.role from users u1_0 offset ? rows fetch first ? rows only
]]></system-out>
  </testcase>
  <testcase name="Day9_testPaginationPageSizeApplied" classname="com.examly.springapp.SpringappApplicationTests" time="0.009">
    <system-out><![CDATA[Hibernate: select u1_0.id,u1_0.email,u1_0.name,u1_0.role from users u1_0 offset ? rows fetch first ? rows only
Hibernate: select count(u1_0.id) from users u1_0
]]></system-out>
  </testcase>
  <testcase name="Day9_testPaginationContentArrayExists" classname="com.examly.springapp.SpringappApplicationTests" time="0.006">
    <system-out><![CDATA[Hibernate: select u1_0.id,u1_0.email,u1_0.name,u1_0.role from users u1_0 offset ? rows fetch first ? rows only
]]></system-out>
  </testcase>
  <testcase name="Day9_testPaginationTotalElementsExists" classname="com.examly.springapp.SpringappApplicationTests" time="0.004">
    <system-out><![CDATA[Hibernate: select u1_0.id,u1_0.email,u1_0.name,u1_0.role from users u1_0 offset ? rows fetch first ? rows only
]]></system-out>
  </testcase>
  <testcase name="Day9_testPaginationTotalPagesExists" classname="com.examly.springapp.SpringappApplicationTests" time="0.004">
    <system-out><![CDATA[Hibernate: select u1_0.id,u1_0.email,u1_0.name,u1_0.role from users u1_0 offset ? rows fetch first ? rows only
]]></system-out>
  </testcase>
  <testcase name="Day10_testAddTask" classname="com.examly.springapp.SpringappApplicationTests" time="0.011">
    <system-out><![CDATA[Hibernate: insert into task (id, user_id, description, due_date, priority, status, title) values (default, ?, ?, ?, ?, ?, ?)
]]></system-out>
  </testcase>
  <testcase name="Day10_testGetAllTasks" classname="com.examly.springapp.SpringappApplicationTests" time="0.009">
    <system-out><![CDATA[Hibernate: select t1_0.id,t1_0.user_id,t1_0.description,t1_0.due_date,t1_0.priority,t1_0.status,t1_0.title from task t1_0
Hibernate: select u1_0.id,u1_0.email,u1_0.name,u1_0.role from users u1_0 where u1_0.id=?
]]></system-out>
  </testcase>
  <testcase name="Day10_testGetTaskById" classname="com.examly.springapp.SpringappApplicationTests" time="0.005">
    <system-out><![CDATA[Hibernate: select t1_0.id,c1_0.id,c1_0.email,c1_0.name,c1_0.role,t1_0.description,t1_0.due_date,t1_0.priority,t1_0.status,t1_0.title from task t1_0 left join users c1_0 on c1_0.id=t1_0.user_id where t1_0.id=?
]]></system-out>
  </testcase>
  <testcase name="Day10_testUpdateTaskStatus" classname="com.examly.springapp.SpringappApplicationTests" time="0.008">
    <system-out><![CDATA[Hibernate: select t1_0.id,c1_0.id,c1_0.email,c1_0.name,c1_0.role,t1_0.description,t1_0.due_date,t1_0.priority,t1_0.status,t1_0.title from task t1_0 left join users c1_0 on c1_0.id=t1_0.user_id where t1_0.id=?
Hibernate: update task set user_id=?, description=?, due_date=?, priority=?, status=?, title=? where id=?
]]></system-out>
  </testcase>
  <testcase name="Day10_testGetTasksByUser" classname="com.examly.springapp.SpringappApplicationTests" time="0.018">
    <system-out><![CDATA[Hibernate: select t1_0.id,t1_0.user_id,t1_0.description,t1_0.due_date,t1_0.priority,t1_0.status,t1_0.title from task t1_0 where t1_0.user_id=?
Hibernate: select u1_0.id,u1_0.email,u1_0.name,u1_0.role from users u1_0 where u1_0.id=?
]]></system-out>
  </testcase>
  <testcase name="Day10_testAddStatusLog" classname="com.examly.springapp.SpringappApplicationTests" time="0.01">
    <system-out><![CDATA[Hibernate: insert into task_status_log (id, user_id, new_status, old_status, task_id) values (default, ?, ?, ?, ?)
]]></system-out>
  </testcase>
  <testcase name="Day10_testGetAllStatusLogs" classname="com.examly.springapp.SpringappApplicationTests" time="0.007">
    <system-out><![CDATA[Hibernate: select t1_0.id,t1_0.user_id,t1_0.new_status,t1_0.old_status,t1_0.task_id from task_status_log t1_0
Hibernate: select u1_0.id,u1_0.email,u1_0.name,u1_0.role from users u1_0 where u1_0.id=?
Hibernate: select t1_0.id,c1_0.id,c1_0.email,c1_0.name,c1_0.role,t1_0.description,t1_0.due_date,t1_0.priority,t1_0.status,t1_0.title from task t1_0 left join users c1_0 on c1_0.id=t1_0.user_id where t1_0.id=?
]]></system-out>
  </testcase>
  <testcase name="Day10_testGetStatusLogById" classname="com.examly.springapp.SpringappApplicationTests" time="0.006">
    <system-out><![CDATA[Hibernate: select t1_0.id,c1_0.id,c1_0.email,c1_0.name,c1_0.role,t1_0.new_status,t1_0.old_status,t2_0.id,c2_0.id,c2_0.email,c2_0.name,c2_0.role,t2_0.description,t2_0.due_date,t2_0.priority,t2_0.status,t2_0.title from task_status_log t1_0 left join users c1_0 on c1_0.id=t1_0.user_id left join task t2_0 on t2_0.id=t1_0.task_id left join users c2_0 on c2_0.id=t2_0.user_id where t1_0.id=?
]]></system-out>
  </testcase>
  <testcase name="Day10_testGetLogsByTask" classname="com.examly.springapp.SpringappApplicationTests" time="0.009">
    <system-out><![CDATA[Hibernate: select t1_0.id,t1_0.user_id,t1_0.new_status,t1_0.old_status,t1_0.task_id from task_status_log t1_0 where t1_0.task_id=?
Hibernate: select u1_0.id,u1_0.email,u1_0.name,u1_0.role from users u1_0 where u1_0.id=?
Hibernate: select t1_0.id,c1_0.id,c1_0.email,c1_0.name,c1_0.role,t1_0.description,t1_0.due_date,t1_0.priority,t1_0.status,t1_0.title from task t1_0 left join users c1_0 on c1_0.id=t1_0.user_id where t1_0.id=?
]]></system-out>
  </testcase>
  <testcase name="Day12_testGetUsersByRole" classname="com.examly.springapp.SpringappApplicationTests" time="0.006">
    <system-out><![CDATA[Hibernate: select u1_0.id,u1_0.email,u1_0.name,u1_0.role from users u1_0 where u1_0.role=?
]]></system-out>
  </testcase>
  <testcase name="Day12_testGetTasksByStatus" classname="com.examly.springapp.SpringappApplicationTests" time="0.009">
    <system-out><![CDATA[Hibernate: insert into task (id, user_id, description, due_date, priority, status, title) values (default, ?, ?, ?, ?, ?, ?)
Hibernate: select t1_0.id,t1_0.user_id,t1_0.description,t1_0.due_date,t1_0.priority,t1_0.status,t1_0.title from task t1_0 where t1_0.status=?
Hibernate: select u1_0.id,u1_0.email,u1_0.name,u1_0.role from users u1_0 where u1_0.id=?
]]></system-out>
  </testcase>
  <testcase name="Day12_testGetStatusLogsByOldStatus_NotFound" classname="com.examly.springapp.SpringappApplicationTests" time="0.011">
    <system-out><![CDATA[Hibernate: select t1_0.id,t1_0.user_id,t1_0.new_status,t1_0.old_status,t1_0.task_id from task_status_log t1_0 where t1_0.old_status=?
]]></system-out>
  </testcase>
  <testcase name="Day12_testGetAssignmentsByUserId_NotFound" classname="com.examly.springapp.SpringappApplicationTests" time="0.005">
    <system-out><![CDATA[Hibernate: select t1_0.id,t1_0.task_id,t1_0.user_id from task_assignment t1_0 where t1_0.user_id=?
]]></system-out>
  </testcase>
  <testcase name="Day12_testGetAssignmentsByUser_Positive" classname="com.examly.springapp.SpringappApplicationTests" time="0.003">
    <system-out><![CDATA[Hibernate: select t1_0.id,t1_0.task_id,t1_0.user_id from task_assignment t1_0 where t1_0.user_id=?
]]></system-out>
  </testcase>
  <testcase name="Day12_testGetTasksByStatus_NotFound" classname="com.examly.springapp.SpringappApplicationTests" time="0.002"/>
  <testcase name="Day13_test_execption_Directory_Exists" classname="com.examly.springapp.SpringappApplicationTests" time="0.002"/>
  <testcase name="Day13_test_GloabalEception_File_Exists" classname="com.examly.springapp.SpringappApplicationTests" time="0.001"/>
  <testcase name="Day14test_configuartion_Directory_Exists" classname="com.examly.springapp.SpringappApplicationTests" time="0.002"/>
  <testcase name="Day15_testAOPLogFileExists" classname="com.examly.springapp.SpringappApplicationTests" time="0.001"/>
</testsuite>